<?xml version="1.0" encoding="UTF-8"?>
<testng-results ignored="0" total="3" passed="3" failed="0" skipped="0">
  <reporter-output>
  </reporter-output>
  <suite started-at="2024-01-20T21:54:00 IST" name="Default suite" finished-at="2024-01-20T21:54:46 IST" duration-ms="45292">
    <groups>
      <group name="cucumber">
        <method signature="AbstractTestNGCucumberTests.runScenario(io.cucumber.testng.PickleWrapper,io.cucumber.testng.FeatureWrapper)[pri:0, instance:TestRunner.Runner@6221a451]" name="runScenario" class="io.cucumber.testng.AbstractTestNGCucumberTests"/>
      </group> <!-- cucumber -->
    </groups>
    <test started-at="2024-01-20T21:54:00 IST" name="Default test" finished-at="2024-01-20T21:54:46 IST" duration-ms="45292">
      <class name="TestRunner.Runner">
        <test-method is-config="true" signature="setUpClass(org.testng.ITestContext)[pri:0, instance:TestRunner.Runner@6221a451]" started-at="2024-01-20T21:54:01 IST" name="setUpClass" finished-at="2024-01-20T21:54:01 IST" duration-ms="648" status="PASS">
          <params>
            <param index="0">
              <value>
                <![CDATA[org.testng.TestRunner@56f521c6]]>
              </value>
            </param>
          </params>
          <reporter-output>
          </reporter-output>
        </test-method> <!-- setUpClass -->
        <test-method signature="runScenario(io.cucumber.testng.PickleWrapper,io.cucumber.testng.FeatureWrapper)[pri:0, instance:TestRunner.Runner@6221a451]" started-at="2024-01-20T21:54:01 IST" name="runScenario" description="Runs Cucumber Scenarios" data-provider="scenarios" finished-at="2024-01-20T21:54:31 IST" duration-ms="29375" status="PASS">
          <params>
            <param index="0">
              <value>
                <![CDATA["Test Orange HRM functionality"]]>
              </value>
            </param>
            <param index="1">
              <value>
                <![CDATA["Test Ornge HRM Application"]]>
              </value>
            </param>
          </params>
          <reporter-output>
          </reporter-output>
        </test-method> <!-- runScenario -->
        <test-method signature="runScenario(io.cucumber.testng.PickleWrapper,io.cucumber.testng.FeatureWrapper)[pri:0, instance:TestRunner.Runner@6221a451]" started-at="2024-01-20T21:54:31 IST" name="runScenario" description="Runs Cucumber Scenarios" data-provider="scenarios" finished-at="2024-01-20T21:54:32 IST" duration-ms="1402" status="PASS">
          <params>
            <param index="0">
              <value>
                <![CDATA["Test Orange HRM functionality"]]>
              </value>
            </param>
            <param index="1">
              <value>
                <![CDATA["Test Ornge HRM Application"]]>
              </value>
            </param>
          </params>
          <reporter-output>
          </reporter-output>
        </test-method> <!-- runScenario -->
        <test-method signature="runScenario(io.cucumber.testng.PickleWrapper,io.cucumber.testng.FeatureWrapper)[pri:0, instance:TestRunner.Runner@6221a451]" started-at="2024-01-20T21:54:32 IST" name="runScenario" description="Runs Cucumber Scenarios" data-provider="scenarios" finished-at="2024-01-20T21:54:46 IST" duration-ms="13751" status="PASS">
          <params>
            <param index="0">
              <value>
                <![CDATA["PIM Page Funcationality"]]>
              </value>
            </param>
            <param index="1">
              <value>
                <![CDATA["Test Ornge HRM Application"]]>
              </value>
            </param>
          </params>
          <reporter-output>
          </reporter-output>
        </test-method> <!-- runScenario -->
        <test-method is-config="true" signature="tearDownClass()[pri:0, instance:TestRunner.Runner@6221a451]" started-at="2024-01-20T21:54:46 IST" name="tearDownClass" finished-at="2024-01-20T21:54:46 IST" duration-ms="8" status="PASS">
          <reporter-output>
          </reporter-output>
        </test-method> <!-- tearDownClass -->
      </class> <!-- TestRunner.Runner -->
    </test> <!-- Default test -->
  </suite> <!-- Default suite -->
</testng-results>
